# JRE version: OpenJDK Runtime Environment Temurin-21.0.9+10 (21.0.9+10) (build 21.0.9+10-LTS)
# Java VM: OpenJDK 64-Bit Server VM Temurin-21.0.9+10 (21.0.9+10-LTS, mixed mode, sharing, tiered, compressed oops, compressed class ptrs, parallel gc, windows-amd64)
GC Precious Log:
 CardTable entry size: 512
 CPUs: 8 total, 8 available
 Memory: 32496M
 Large Page Support: Disabled
 NUMA Support: Disabled
 Compressed Oops: Enabled (32-bit)
 Alignments: Space 512K, Generation 512K, Heap 2M
 Heap Min Capacity: 100M
 Heap Initial Capacity: 100M
 Heap Max Capacity: 2G
 Pre-touch: Disabled
 Parallel Workers: 8
Heap:
 PSYoungGen      total 10752K, used 10331K [0x00000000d5580000, 0x00000000d6100000, 0x0000000100000000)
  eden space 10240K, 98% used [0x00000000d5580000,0x00000000d5f61d20,0x00000000d5f80000)
  from space 512K, 41% used [0x00000000d6080000,0x00000000d60b5200,0x00000000d6100000)
  to   space 512K, 0% used [0x00000000d6000000,0x00000000d6000000,0x00000000d6080000)
 ParOldGen       total 632320K, used 631992K [0x0000000080000000, 0x00000000a6980000, 0x00000000d5580000)
  object space 632320K, 99% used [0x0000000080000000,0x00000000a692e010,0x00000000a6980000)
 Metaspace       used 106007K, committed 107776K, reserved 1179648K
  class space    used 10427K, committed 11264K, reserved 1048576K
GC Heap History (20 events):
Event: 266057.887 GC heap before
{Heap before GC invocations=12886 (full 24):
 PSYoungGen      total 11264K, used 11104K [0x00000000d5580000, 0x00000000d6180000, 0x0000000100000000)
  eden space 10752K, 100% used [0x00000000d5580000,0x00000000d6000000,0x00000000d6000000)
  from space 512K, 68% used [0x00000000d6100000,0x00000000d6158020,0x00000000d6180000)
  to   space 512K, 0% used [0x00000000d6080000,0x00000000d6080000,0x00000000d6100000)
 ParOldGen       total 627712K, used 627297K [0x0000000080000000, 0x00000000a6500000, 0x00000000d5580000)
  object space 627712K, 99% used [0x0000000080000000,0x00000000a6498510,0x00000000a6500000)
 Metaspace       used 105897K, committed 107712K, reserved 1179648K
  class space    used 10410K, committed 11264K, reserved 1048576K
}
Event: 266057.891 GC heap after
{Heap after GC invocations=12886 (full 24):
 PSYoungGen      total 11264K, used 510K [0x00000000d5580000, 0x00000000d6300000, 0x0000000100000000)
  eden space 10752K, 0% used [0x00000000d5580000,0x00000000d5580000,0x00000000d6000000)
  from space 512K, 99% used [0x00000000d6080000,0x00000000d60ffb10,0x00000000d6100000)
  to   space 1536K, 0% used [0x00000000d6180000,0x00000000d6180000,0x00000000d6300000)
 ParOldGen       total 628224K, used 628145K [0x0000000080000000, 0x00000000a6580000, 0x00000000d5580000)
  object space 628224K, 99% used [0x0000000080000000,0x00000000a656c570,0x00000000a6580000)
 Metaspace       used 105897K, committed 107712K, reserved 1179648K
  class space    used 10410K, committed 11264K, reserved 1048576K
}
Event: 266058.227 GC heap before
{Heap before GC invocations=12887 (full 24):
 PSYoungGen      total 11264K, used 11262K [0x00000000d5580000, 0x00000000d6300000, 0x0000000100000000)
  eden space 10752K, 100% used [0x00000000d5580000,0x00000000d6000000,0x00000000d6000000)
  from space 512K, 99% used [0x00000000d6080000,0x00000000d60ffb10,0x00000000d6100000)
  to   space 1536K, 0% used [0x00000000d6180000,0x00000000d6180000,0x00000000d6300000)
 ParOldGen       total 628224K, used 628145K [0x0000000080000000, 0x00000000a6580000, 0x00000000d5580000)
  object space 628224K, 99% used [0x0000000080000000,0x00000000a656c570,0x00000000a6580000)
 Metaspace       used 105897K, committed 107712K, reserved 1179648K
  class space    used 10410K, committed 11264K, reserved 1048576K
}
Event: 266058.232 GC heap after
{Heap after GC invocations=12887 (full 24):
 PSYoungGen      total 11264K, used 474K [0x00000000d5580000, 0x00000000d6200000, 0x0000000100000000)
  eden space 10752K, 0% used [0x00000000d5580000,0x00000000d5580000,0x00000000d6000000)
  from space 512K, 92% used [0x00000000d6180000,0x00000000d61f6920,0x00000000d6200000)
  to   space 1024K, 0% used [0x00000000d6000000,0x00000000d6000000,0x00000000d6100000)
 ParOldGen       total 628736K, used 628613K [0x0000000080000000, 0x00000000a6600000, 0x00000000d5580000)
  object space 628736K, 99% used [0x0000000080000000,0x00000000a65e1780,0x00000000a6600000)
 Metaspace       used 105897K, committed 107712K, reserved 1179648K
  class space    used 10410K, committed 11264K, reserved 1048576K
}
Event: 266134.531 GC heap before
{Heap before GC invocations=12888 (full 24):
 PSYoungGen      total 11264K, used 11226K [0x00000000d5580000, 0x00000000d6200000, 0x0000000100000000)
  eden space 10752K, 100% used [0x00000000d5580000,0x00000000d6000000,0x00000000d6000000)
  from space 512K, 92% used [0x00000000d6180000,0x00000000d61f6920,0x00000000d6200000)
  to   space 1024K, 0% used [0x00000000d6000000,0x00000000d6000000,0x00000000d6100000)
 ParOldGen       total 628736K, used 628613K [0x0000000080000000, 0x00000000a6600000, 0x00000000d5580000)
  object space 628736K, 99% used [0x0000000080000000,0x00000000a65e1780,0x00000000a6600000)
 Metaspace       used 106005K, committed 107776K, reserved 1179648K
  class space    used 10427K, committed 11264K, reserved 1048576K
}
Event: 266134.538 GC heap after
{Heap after GC invocations=12888 (full 24):
 PSYoungGen      total 11776K, used 416K [0x00000000d5580000, 0x00000000d6200000, 0x0000000100000000)
  eden space 10752K, 0% used [0x00000000d5580000,0x00000000d5580000,0x00000000d6000000)
  from space 1024K, 40% used [0x00000000d6000000,0x00000000d6068000,0x00000000d6100000)
  to   space 512K, 0% used [0x00000000d6180000,0x00000000d6180000,0x00000000d6200000)
 ParOldGen       total 629248K, used 628933K [0x0000000080000000, 0x00000000a6680000, 0x00000000d5580000)
  object space 629248K, 99% used [0x0000000080000000,0x00000000a66317b0,0x00000000a6680000)
 Metaspace       used 106005K, committed 107776K, reserved 1179648K
  class space    used 10427K, committed 11264K, reserved 1048576K
}
Event: 266139.098 GC heap before
{Heap before GC invocations=12889 (full 24):
 PSYoungGen      total 11776K, used 11168K [0x00000000d5580000, 0x00000000d6200000, 0x0000000100000000)
  eden space 10752K, 100% used [0x00000000d5580000,0x00000000d6000000,0x00000000d6000000)
  from space 1024K, 40% used [0x00000000d6000000,0x00000000d6068000,0x00000000d6100000)
  to   space 512K, 0% used [0x00000000d6180000,0x00000000d6180000,0x00000000d6200000)
 ParOldGen       total 629248K, used 628933K [0x0000000080000000, 0x00000000a6680000, 0x00000000d5580000)
  object space 629248K, 99% used [0x0000000080000000,0x00000000a66317b0,0x00000000a6680000)
 Metaspace       used 106005K, committed 107776K, reserved 1179648K
  class space    used 10427K, committed 11264K, reserved 1048576K
}
Event: 266139.103 GC heap after
{Heap after GC invocations=12889 (full 24):
 PSYoungGen      total 10752K, used 496K [0x00000000d5580000, 0x00000000d6400000, 0x0000000100000000)
  eden space 10240K, 0% used [0x00000000d5580000,0x00000000d5580000,0x00000000d5f80000)
  from space 512K, 96% used [0x00000000d6180000,0x00000000d61fc010,0x00000000d6200000)
  to   space 2048K, 0% used [0x00000000d5f80000,0x00000000d5f80000,0x00000000d6180000)
 ParOldGen       total 630272K, used 629988K [0x0000000080000000, 0x00000000a6780000, 0x00000000d5580000)
  object space 630272K, 99% used [0x0000000080000000,0x00000000a67392c0,0x00000000a6780000)
 Metaspace       used 106005K, committed 107776K, reserved 1179648K
  class space    used 10427K, committed 11264K, reserved 1048576K
}
Event: 266139.575 GC heap before
{Heap before GC invocations=12890 (full 24):
 PSYoungGen      total 10752K, used 10736K [0x00000000d5580000, 0x00000000d6400000, 0x0000000100000000)
  eden space 10240K, 100% used [0x00000000d5580000,0x00000000d5f80000,0x00000000d5f80000)
  from space 512K, 96% used [0x00000000d6180000,0x00000000d61fc010,0x00000000d6200000)
  to   space 2048K, 0% used [0x00000000d5f80000,0x00000000d5f80000,0x00000000d6180000)
 ParOldGen       total 630272K, used 629988K [0x0000000080000000, 0x00000000a6780000, 0x00000000d5580000)
  object space 630272K, 99% used [0x0000000080000000,0x00000000a67392c0,0x00000000a6780000)
 Metaspace       used 106005K, committed 107776K, reserved 1179648K
  class space    used 10427K, committed 11264K, reserved 1048576K
}
Event: 266139.580 GC heap after
{Heap after GC invocations=12890 (full 24):
 PSYoungGen      total 10752K, used 442K [0x00000000d5580000, 0x00000000d6200000, 0x0000000100000000)
  eden space 10240K, 0% used [0x00000000d5580000,0x00000000d5580000,0x00000000d5f80000)
  from space 512K, 86% used [0x00000000d5f80000,0x00000000d5fee900,0x00000000d6000000)
  to   space 1024K, 0% used [0x00000000d6100000,0x00000000d6100000,0x00000000d6200000)
 ParOldGen       total 630784K, used 630494K [0x0000000080000000, 0x00000000a6800000, 0x00000000d5580000)
  object space 630784K, 99% used [0x0000000080000000,0x00000000a67b7bd0,0x00000000a6800000)
 Metaspace       used 106005K, committed 107776K, reserved 1179648K
  class space    used 10427K, committed 11264K, reserved 1048576K
}
Event: 266140.216 GC heap before
{Heap before GC invocations=12891 (full 24):
 PSYoungGen      total 10752K, used 10682K [0x00000000d5580000, 0x00000000d6200000, 0x0000000100000000)
  eden space 10240K, 100% used [0x00000000d5580000,0x00000000d5f80000,0x00000000d5f80000)
  from space 512K, 86% used [0x00000000d5f80000,0x00000000d5fee900,0x00000000d6000000)
  to   space 1024K, 0% used [0x00000000d6100000,0x00000000d6100000,0x00000000d6200000)
 ParOldGen       total 630784K, used 630494K [0x0000000080000000, 0x00000000a6800000, 0x00000000d5580000)
  object space 630784K, 99% used [0x0000000080000000,0x00000000a67b7bd0,0x00000000a6800000)
 Metaspace       used 106005K, committed 107776K, reserved 1179648K
  class space    used 10427K, committed 11264K, reserved 1048576K
}
Event: 266140.220 GC heap after
{Heap after GC invocations=12891 (full 24):
 PSYoungGen      total 11264K, used 937K [0x00000000d5580000, 0x00000000d6280000, 0x0000000100000000)
  eden space 10240K, 0% used [0x00000000d5580000,0x00000000d5580000,0x00000000d5f80000)
  from space 1024K, 91% used [0x00000000d6100000,0x00000000d61ea400,0x00000000d6200000)
  to   space 1536K, 0% used [0x00000000d5f80000,0x00000000d5f80000,0x00000000d6100000)
 ParOldGen       total 630784K, used 630534K [0x0000000080000000, 0x00000000a6800000, 0x00000000d5580000)
  object space 630784K, 99% used [0x0000000080000000,0x00000000a67c1bd0,0x00000000a6800000)
 Metaspace       used 106005K, committed 107776K, reserved 1179648K
  class space    used 10427K, committed 11264K, reserved 1048576K
}
Event: 266213.471 GC heap before
{Heap before GC invocations=12892 (full 24):
 PSYoungGen      total 11264K, used 11177K [0x00000000d5580000, 0x00000000d6280000, 0x0000000100000000)
  eden space 10240K, 100% used [0x00000000d5580000,0x00000000d5f80000,0x00000000d5f80000)
  from space 1024K, 91% used [0x00000000d6100000,0x00000000d61ea400,0x00000000d6200000)
  to   space 1536K, 0% used [0x00000000d5f80000,0x00000000d5f80000,0x00000000d6100000)
 ParOldGen       total 630784K, used 630534K [0x0000000080000000, 0x00000000a6800000, 0x00000000d5580000)
  object space 630784K, 99% used [0x0000000080000000,0x00000000a67c1bd0,0x00000000a6800000)
 Metaspace       used 106005K, committed 107776K, reserved 1179648K
  class space    used 10427K, committed 11264K, reserved 1048576K
}
Event: 266213.475 GC heap after
{Heap after GC invocations=12892 (full 24):
 PSYoungGen      total 11776K, used 1252K [0x00000000d5580000, 0x00000000d6280000, 0x0000000100000000)
  eden space 10240K, 0% used [0x00000000d5580000,0x00000000d5580000,0x00000000d5f80000)
  from space 1536K, 81% used [0x00000000d5f80000,0x00000000d60b9210,0x00000000d6100000)
  to   space 1536K, 0% used [0x00000000d6100000,0x00000000d6100000,0x00000000d6280000)
 ParOldGen       total 631296K, used 631083K [0x0000000080000000, 0x00000000a6880000, 0x00000000d5580000)
  object space 631296K, 99% used [0x0000000080000000,0x00000000a684ade0,0x00000000a6880000)
 Metaspace       used 106005K, committed 107776K, reserved 1179648K
  class space    used 10427K, committed 11264K, reserved 1048576K
}
Event: 266213.681 GC heap before
{Heap before GC invocations=12893 (full 24):
 PSYoungGen      total 11776K, used 11492K [0x00000000d5580000, 0x00000000d6280000, 0x0000000100000000)
  eden space 10240K, 100% used [0x00000000d5580000,0x00000000d5f80000,0x00000000d5f80000)
  from space 1536K, 81% used [0x00000000d5f80000,0x00000000d60b9210,0x00000000d6100000)
  to   space 1536K, 0% used [0x00000000d6100000,0x00000000d6100000,0x00000000d6280000)
 ParOldGen       total 631296K, used 631083K [0x0000000080000000, 0x00000000a6880000, 0x00000000d5580000)
  object space 631296K, 99% used [0x0000000080000000,0x00000000a684ade0,0x00000000a6880000)
 Metaspace       used 106006K, committed 107776K, reserved 1179648K
  class space    used 10427K, committed 11264K, reserved 1048576K
}
Event: 266213.687 GC heap after
{Heap after GC invocations=12893 (full 24):
 PSYoungGen      total 11264K, used 564K [0x00000000d5580000, 0x00000000d6200000, 0x0000000100000000)
  eden space 10240K, 0% used [0x00000000d5580000,0x00000000d5580000,0x00000000d5f80000)
  from space 1024K, 55% used [0x00000000d6100000,0x00000000d618d200,0x00000000d6200000)
  to   space 1024K, 0% used [0x00000000d6000000,0x00000000d6000000,0x00000000d6100000)
 ParOldGen       total 631808K, used 631799K [0x0000000080000000, 0x00000000a6900000, 0x00000000d5580000)
  object space 631808K, 99% used [0x0000000080000000,0x00000000a68fdff0,0x00000000a6900000)
 Metaspace       used 106006K, committed 107776K, reserved 1179648K
  class space    used 10427K, committed 11264K, reserved 1048576K
}
Event: 268267.210 GC heap before
{Heap before GC invocations=12894 (full 24):
 PSYoungGen      total 11264K, used 10804K [0x00000000d5580000, 0x00000000d6200000, 0x0000000100000000)
  eden space 10240K, 100% used [0x00000000d5580000,0x00000000d5f80000,0x00000000d5f80000)
  from space 1024K, 55% used [0x00000000d6100000,0x00000000d618d200,0x00000000d6200000)
  to   space 1024K, 0% used [0x00000000d6000000,0x00000000d6000000,0x00000000d6100000)
 ParOldGen       total 631808K, used 631799K [0x0000000080000000, 0x00000000a6900000, 0x00000000d5580000)
  object space 631808K, 99% used [0x0000000080000000,0x00000000a68fdff0,0x00000000a6900000)
 Metaspace       used 106007K, committed 107776K, reserved 1179648K
  class space    used 10427K, committed 11264K, reserved 1048576K
}
Event: 268267.222 GC heap after
{Heap after GC invocations=12894 (full 24):
 PSYoungGen      total 10752K, used 500K [0x00000000d5580000, 0x00000000d6180000, 0x0000000100000000)
  eden space 10240K, 0% used [0x00000000d5580000,0x00000000d5580000,0x00000000d5f80000)
  from space 512K, 97% used [0x00000000d6000000,0x00000000d607d220,0x00000000d6080000)
  to   space 1024K, 0% used [0x00000000d6080000,0x00000000d6080000,0x00000000d6180000)
 ParOldGen       total 632320K, used 631887K [0x0000000080000000, 0x00000000a6980000, 0x00000000d5580000)
  object space 632320K, 99% used [0x0000000080000000,0x00000000a6913ff0,0x00000000a6980000)
 Metaspace       used 106007K, committed 107776K, reserved 1179648K
  class space    used 10427K, committed 11264K, reserved 1048576K
}
Event: 268267.357 GC heap before
{Heap before GC invocations=12895 (full 24):
 PSYoungGen      total 10752K, used 10740K [0x00000000d5580000, 0x00000000d6180000, 0x0000000100000000)
  eden space 10240K, 100% used [0x00000000d5580000,0x00000000d5f80000,0x00000000d5f80000)
  from space 512K, 97% used [0x00000000d6000000,0x00000000d607d220,0x00000000d6080000)
  to   space 1024K, 0% used [0x00000000d6080000,0x00000000d6080000,0x00000000d6180000)
 ParOldGen       total 632320K, used 631887K [0x0000000080000000, 0x00000000a6980000, 0x00000000d5580000)
  object space 632320K, 99% used [0x0000000080000000,0x00000000a6913ff0,0x00000000a6980000)
 Metaspace       used 106007K, committed 107776K, reserved 1179648K
  class space    used 10427K, committed 11264K, reserved 1048576K
}
Event: 268267.365 GC heap after
{Heap after GC invocations=12895 (full 24):
 PSYoungGen      total 10752K, used 212K [0x00000000d5580000, 0x00000000d6100000, 0x0000000100000000)
  eden space 10240K, 0% used [0x00000000d5580000,0x00000000d5580000,0x00000000d5f80000)
  from space 512K, 41% used [0x00000000d6080000,0x00000000d60b5200,0x00000000d6100000)
  to   space 512K, 0% used [0x00000000d6000000,0x00000000d6000000,0x00000000d6080000)
 ParOldGen       total 632320K, used 631992K [0x0000000080000000, 0x00000000a6980000, 0x00000000d5580000)
  object space 632320K, 99% used [0x0000000080000000,0x00000000a692e010,0x00000000a6980000)
 Metaspace       used 106007K, committed 107776K, reserved 1179648K
  class space    used 10427K, committed 11264K, reserved 1048576K
}

